  main.cpp
E:\项目\Project2\main.cpp(430,24): warning C4244: “初始化”: 从“LRESULT”转换到“int”，可能丢失数据
E:\项目\Project2\main.cpp(555,25): warning C4244: “初始化”: 从“LRESULT”转换到“int”，可能丢失数据
E:\项目\Project2\main.cpp(635,13): warning C4312: “类型强制转换”: 从“const int”转换到更大的“HMENU”
D:\Microsoft VS\VC\Tools\MSVC\14.44.35207\include\xutility(4813,18): warning C4244: “=”: 从“wchar_t”转换到“char”，可能丢失数据
  (编译源文件“main.cpp”)
      D:\Microsoft VS\VC\Tools\MSVC\14.44.35207\include\xutility(4813,18):
      模板实例化上下文(最早的实例化上下文)为
          E:\项目\Project2\main.cpp(440,62):
          查看对正在编译的函数 模板 实例化“std::basic_string<char,std::char_traits<char>,std::allocator<char>>::basic_string<std::_String_iterator<std::_String_val<std::_Simple_types<_Elem>>>,0>(_Iter,_Iter,const _Alloc &)”的引用
          with
          [
              _Elem=wchar_t,
              _Iter=std::_String_iterator<std::_String_val<std::_Simple_types<wchar_t>>>,
              _Alloc=std::allocator<char>
          ]
              E:\项目\Project2\main.cpp(440,35):
              请参阅 "AddDialogProc" 中对 "std::basic_string<char,std::char_traits<char>,std::allocator<char>>::basic_string" 的第一个引用
          D:\Microsoft VS\VC\Tools\MSVC\14.44.35207\include\xstring(812,17):
          查看对正在编译的函数 模板 实例化“void std::basic_string<char,std::char_traits<char>,std::allocator<char>>::_Construct_from_iter<wchar_t*,wchar_t*,_Size_type>(_Iter,const _Sent,_Size)”的引用
          with
          [
              _Size_type=unsigned __int64,
              _Iter=wchar_t *,
              _Sent=wchar_t *,
              _Size=unsigned __int64
          ]
          D:\Microsoft VS\VC\Tools\MSVC\14.44.35207\include\xstring(968,18):
          查看对正在编译的函数 模板 实例化“_OutIt *std::_Copy_n_unchecked4<wchar_t*,_Size,char*>(_InIt,_SizeTy,_OutIt)”的引用
          with
          [
              _OutIt=char *,
              _Size=unsigned __int64,
              _InIt=wchar_t *,
              _SizeTy=unsigned __int64
          ]
  
  Project2.vcxproj -> E:\项目\Project2\x64\Debug\Project2.exe
